AX51 MACRO ASSEMBLER  IAP                                                                   11/16/07 01:49:01 PAGE     1


MACRO ASSEMBLER AX51 V3.01a
OBJECT MODULE PLACED IN .\obj\iap.obj
ASSEMBLER INVOKED BY: H:\PrgJaz\Keil\C51\BIN\AX51.EXE src\iap.a51 SET(SMALL) DEBUG PRINT(.\lst\iap.lst) OBJECT(.\obj\iap
                      .obj) EP

LOC    OBJ             LINE     SOURCE

                          1     ;//-------------------------------------------------------------------------//
                          2     ;/////////////////////////////////////////////////////////////////////////////
                          3     ;// +---------------------------------------------------------------------+ //
                          4     ;// |                      In Application Programming                     | //
                          5     ;// |                            MCU: 89LPC922                            | //
                          6     ;// |                     ------------------------------                  | //
                          7     ;// |                        Verze 1.02 Build 071111                      | //
                          8     ;// |                                                                     | //
                          9     ;// |                         Copyright Tomas Hujer                       | //
                         10     ;// |                             (c) 2005-2007                           | //
                         11     ;// |                      thomas.hoodger(at)gmail.com                    | //
                         12     ;// |                                                                     | //
                         13     ;// +---------------------------------------------------------------------+ //
                         14     ;// |  Programovani systemovych registru za behu aplikace, pouziva API    | //
                         15     ;// |  funkce ISP loaderu                                                 | //
                         16     ;// +---------------------------------------------------------------------+ //
                         17     ;//                                                                         //
                         18     ;//   Version history:                                                      //
                         19     ;//    1.01             Prvni evolution verze                               //
                         20     ;//                                                                         //
                         21     ;//    1.02    071111   Opravena chyba v autorizaci IAP                     //
                         22     ;//                                                                         //
                         23     ;//  ---------------------------------------------------------------------  //
                         24     ;//    TODO:                                                                //
                         25     ;//                                                                         //
                         26     ;/////////////////////////////////////////////////////////////////////////////
                         27     ;//-------------------------------------------------------------------------//
                         28     
                         29     $nomod51 
                         30     ;$include (REG922.INC)
                    +1   31     
                    +1   32     
                    +1   33     
                    +1   34     
                    +1   35     
                    +1   36     
                    +1   37     
                    +1   38     
                    +1   39     
                    +1   40     
                    +1   41     
                    +1   42     
                    +1   43     
 0080               +1   44     P0    DATA    0x80
 0090               +1   45     P1    DATA    0x90
 00B0               +1   46     P3    DATA    0xB0
 00D0               +1   47     PSW   DATA    0xD0
 00E0               +1   48     ACC   DATA    0xE0
 00F0               +1   49     B     DATA    0xF0
 0081               +1   50     SP    DATA    0x81
 0082               +1   51     DPL   DATA    0x82
 0083               +1   52     DPH   DATA    0x83
 0087               +1   53     PCON  DATA    0x87
 0088               +1   54     TCON  DATA    0x88
 0089               +1   55     TMOD  DATA    0x89
 008A               +1   56     TL0   DATA    0x8A
 008B               +1   57     TL1   DATA    0x8B
AX51 MACRO ASSEMBLER  IAP                                                                   11/16/07 01:49:01 PAGE     2

 008C               +1   58     TH0   DATA    0x8C
 008D               +1   59     TH1   DATA    0x8D
 00A8               +1   60     IEN0  DATA    0xA8
 00B8               +1   61     IP0   DATA    0xB8
 0098               +1   62     SCON  DATA    0x98
 0099               +1   63     SBUF  DATA    0x99
                    +1   64     
                    +1   65     
 00A2               +1   66     AUXR1  DATA   0xA2
 00A9               +1   67     SADDR  DATA   0xA9
 00B9               +1   68     SADEN  DATA   0xB9
 00BE               +1   69     BRGR0  DATA   0xBE
 00BF               +1   70     BRGR1  DATA   0xBF
 00BD               +1   71     BRGCON DATA   0xBD
 00AC               +1   72     CMP1   DATA   0xAC
 00AD               +1   73     CMP2   DATA   0xAD
 0095               +1   74     DIVM   DATA   0x95
 00E7               +1   75     FMADRH DATA   0xE7
 00E6               +1   76     FMADRL DATA   0xE6
 00E4               +1   77     FMCON  DATA   0xE4
 00E5               +1   78     FMDATA DATA   0xE5
 00DB               +1   79     I2ADR  DATA   0xDB
 00D8               +1   80     I2CON  DATA   0xD8
 00DA               +1   81     I2DAT  DATA   0xDA
 00DD               +1   82     I2SCLH DATA   0xDD
 00DC               +1   83     I2SCLL DATA   0xDC
 00D9               +1   84     I2STAT DATA   0xD9
 00F8               +1   85     IP1    DATA   0xF8
 00F7               +1   86     IP1H   DATA   0xF7
 0094               +1   87     KBCON  DATA   0x94
 0086               +1   88     KBMASK DATA   0x86
 0093               +1   89     KBPATN DATA   0x93
 0084               +1   90     P0M1   DATA   0x84
 0085               +1   91     P0M2   DATA   0x85
 0091               +1   92     P1M1   DATA   0x91
 0092               +1   93     P1M2   DATA   0x92
 00B1               +1   94     P3M1   DATA   0xB1
 00B2               +1   95     P3M2   DATA   0xB2
 00B5               +1   96     PCONA  DATA   0xB5
 00F6               +1   97     PT0AD  DATA   0xF6
 00DF               +1   98     RSTSRC DATA   0xDF
 00D1               +1   99     RTCCON DATA   0xD1
 00D2               +1  100     RTCH   DATA   0xD2
 00D3               +1  101     RTCL   DATA   0xD3
 00BA               +1  102     SSTAT  DATA   0xBA
 008F               +1  103     TAMOD  DATA   0x8F
 0096               +1  104     TRIM   DATA   0x96
 00A7               +1  105     WDCON  DATA   0xA7
 00C1               +1  106     WDL    DATA   0xC1
 00C2               +1  107     WFEED1 DATA   0xC2
 00C3               +1  108     WFEED2 DATA   0xC3
 00B7               +1  109     IP0H   DATA   0xB7
 00E8               +1  110     IEN1   DATA   0xE8
 00FF               +1  111     IAPKEY DATA   0xFF
                    +1  112     
                    +1  113     
                    +1  114     
 00D0.7             +1  115     CY     BIT    PSW^7
 00D0.6             +1  116     AC     BIT    PSW^6
 00D0.5             +1  117     F0     BIT    PSW^5
 00D0.4             +1  118     RS1    BIT    PSW^4
 00D0.3             +1  119     RS0    BIT    PSW^3
 00D0.2             +1  120     OV     BIT    PSW^2
 00D0.1             +1  121     F1     BIT    PSW^1
 00D0.0             +1  122     P      BIT    PSW^0
                    +1  123     
AX51 MACRO ASSEMBLER  IAP                                                                   11/16/07 01:49:01 PAGE     3

                    +1  124     
 0088.7             +1  125     TF1    BIT    TCON^7
 0088.6             +1  126     TR1    BIT    TCON^6
 0088.5             +1  127     TF0    BIT    TCON^5
 0088.4             +1  128     TR0    BIT    TCON^4
 0088.3             +1  129     IE1    BIT    TCON^3
 0088.2             +1  130     IT1    BIT    TCON^2
 0088.1             +1  131     IE0    BIT    TCON^1
 0088.0             +1  132     IT0    BIT    TCON^0
                    +1  133     
                    +1  134     
 00A8.7             +1  135     EA     BIT    IEN0^7
 00A8.6             +1  136     EWDRT  BIT    IEN0^6
 00A8.5             +1  137     EBO    BIT    IEN0^5
 00A8.4             +1  138     ES     BIT    IEN0^4   
 00A8.4             +1  139     ESR    BIT    IEN0^4
 00A8.3             +1  140     ET1    BIT    IEN0^3
 00A8.2             +1  141     EX1    BIT    IEN0^2
 00A8.1             +1  142     ET0    BIT    IEN0^1
 00A8.0             +1  143     EX0    BIT    IEN0^0
                    +1  144     
                    +1  145     
 00E8.2             +1  146     EC     BIT    IEN1^2
 00E8.1             +1  147     EKBI   BIT    IEN1^1
 00E8.0             +1  148     EI2C   BIT    IEN1^0
                    +1  149     
                    +1  150     
 00F8.6             +1  151     PST    BIT    IP1^6
 00F8.2             +1  152     PC_    BIT    IP1^2
 00F8.1             +1  153     PKBI   BIT    IP1^1
 00F8.0             +1  154     Pi2c   BIT    IP1^0
                    +1  155     
                    +1  156     
 00B8.6             +1  157     PWDRT  BIT    IP0^6
 00B8.5             +1  158     PBO    BIT    IP0^5
 00B8.4             +1  159     PS     BIT    IP0^4    
 00B8.4             +1  160     PSR    BIT    IP0^4
 00B8.3             +1  161     PT1    BIT    IP0^3
 00B8.2             +1  162     PX1    BIT    IP0^2
 00B8.1             +1  163     PT0    BIT    IP0^1
 00B8.0             +1  164     PX0    BIT    IP0^0
                    +1  165     
                    +1  166     
                    +1  167     
 0098.7             +1  168     SM0    BIT    SCON^7   
 0098.7             +1  169     FE     BIT    SCON^7
 0098.6             +1  170     SM1    BIT    SCON^6
 0098.5             +1  171     SM2    BIT    SCON^5
 0098.4             +1  172     REN    BIT    SCON^4
 0098.3             +1  173     TB8    BIT    SCON^3
 0098.2             +1  174     RB8    BIT    SCON^2
 0098.1             +1  175     TI     BIT    SCON^1
 0098.0             +1  176     RI     BIT    SCON^0
                    +1  177     
                    +1  178     
 00D8.6             +1  179     I2EN   BIT    I2CON^6
 00D8.5             +1  180     STA    BIT    I2CON^5
 00D8.4             +1  181     STO    BIT    I2CON^4
 00D8.3             +1  182     SI     BIT    I2CON^3
 00D8.2             +1  183     AA     BIT    I2CON^2
 00D8.0             +1  184     CRSEL  BIT    I2CON^0
                    +1  185     
                    +1  186     
 0080.7             +1  187     KB7    BIT    P0^7   
 0080.7             +1  188     T1     BIT    P0^7
 0080.6             +1  189     KB6    BIT    P0^6   
AX51 MACRO ASSEMBLER  IAP                                                                   11/16/07 01:49:01 PAGE     4

                    +1  190     
 0080.5             +1  191     KB5    BIT    P0^5
 0080.4             +1  192     KB4    BIT    P0^4
 0080.3             +1  193     KB3    BIT    P0^3
 0080.2             +1  194     KB2    BIT    P0^2
 0080.1             +1  195     KB1    BIT    P0^1
 0080.0             +1  196     KB0    BIT    P0^0   
                    +1  197     
                    +1  198     
                    +1  199     
 0090.5             +1  200     RST    BIT    P1^5
 0090.4             +1  201     INT1   BIT    P1^4
 0090.3             +1  202     INT0   BIT    P1^3   
 0090.3             +1  203     SDA    BIT    P1^3
 0090.2             +1  204     T0     BIT    P1^2   
 0090.2             +1  205     SCL    BIT    P1^2
 0090.1             +1  206     RxD    BIT    P1^1
 0090.0             +1  207     TxD    BIT    P1^0
                    +1  208     
                    +1  209     
 00B0.1             +1  210     XTAL1  BIT    P3^1
 00B0.0             +1  211     XTAL2  BIT    P3^0
                    +1  212     
                    +1  213     
                        214     
                        215      
                        216         NAME IAP
                        217      
 1F00                   218         PGM_MTP    EQU 01F00H
                        219      
------                  220         IAP_CODE     SEGMENT CODE
                        221         
                        222         PUBLIC IAP_reset_boot_status
                        223         PUBLIC IAP_reset_boot_vector
                        224        
------                  225         RSEG IAP_CODE
                        226     
                        227         ;------------------------------;
                        228         ; IAP authorization key        ;
                        229         ;------------------------------;
000000                  230         IAP_authorization_key:
000000 78FF             231             mov     R0,     #0FFH           ; IAP authourization key
000002 7696             232             mov     @R0,    #96H
000004 121F00           233             lcall   PGM_MTP
000007 22               234             RET
                        235     
                        236         ;------------------------------;
                        237         ; set boot status for the ISP  ;
                        238         ;------------------------------;
000008                  239         IAP_reset_boot_status:
000008 C0A8             240             push    IEN0                    ; save EA Status
00000A C2AF             241             clr     EA                      ; disable int's
                        242     
00000C 120000     F     243             lcall    IAP_authorization_key   ; authorize access
                        244     
00000F 7402             245             mov     A,      #02              
000011 7D01             246             mov     R5,     #01             ; write 01h to status byte  
000013 7F03             247             mov     R7,     #03
000015 121F00           248             lcall   PGM_MTP
                        249     
000018 D0A8             250             pop     IEN0                    ; restore EA status
00001A 22               251             RET
                        252                 
                        253     
                        254         ;-----------------------------;
                        255         ; set boot vector for the ISP ;
AX51 MACRO ASSEMBLER  IAP                                                                   11/16/07 01:49:01 PAGE     5

                        256         ;-----------------------------;
00001B                  257         IAP_reset_boot_vector:
00001B C0A8             258             push    IEN0                    ; save EA Status
00001D C2AF             259             clr     EA                      ; disable int's
                        260     
00001F 120000     F     261             lcall    IAP_authorization_key   ; authorize access
                        262     
000022 7402             263             mov     A,      #02
000024 7D1F             264             mov     R5,     #1FH            ; write bootvec with 1FH
000026 7F02             265             mov     R7,     #02
000028 121F00           266             lcall   PGM_MTP
                        267     
00002B D0A8             268             pop     IEN0                    ; restore EA status
                        269     
00002D 22               270             RET
                        271         
                        272       
                        273       END
AX51 MACRO ASSEMBLER  IAP                                                                   11/16/07 01:49:01 PAGE     6

SYMBOL TABLE LISTING
------ ----- -------


N A M E                   T Y P E  V A L U E     ATTRIBUTES

AA . . . . . . . . . . .  B  ADDR  00D8H.2   A   
AC . . . . . . . . . . .  B  ADDR  00D0H.6   A   
ACC. . . . . . . . . . .  D  ADDR  00E0H     A   
AUXR1. . . . . . . . . .  D  ADDR  00A2H     A   
B. . . . . . . . . . . .  D  ADDR  00F0H     A   
BRGCON . . . . . . . . .  D  ADDR  00BDH     A   
BRGR0. . . . . . . . . .  D  ADDR  00BEH     A   
BRGR1. . . . . . . . . .  D  ADDR  00BFH     A   
CMP1 . . . . . . . . . .  D  ADDR  00ACH     A   
CMP2 . . . . . . . . . .  D  ADDR  00ADH     A   
CRSEL. . . . . . . . . .  B  ADDR  00D8H.0   A   
CY . . . . . . . . . . .  B  ADDR  00D0H.7   A   
DIVM . . . . . . . . . .  D  ADDR  0095H     A   
DPH. . . . . . . . . . .  D  ADDR  0083H     A   
DPL. . . . . . . . . . .  D  ADDR  0082H     A   
EA . . . . . . . . . . .  B  ADDR  00A8H.7   A   
EBO. . . . . . . . . . .  B  ADDR  00A8H.5   A   
EC . . . . . . . . . . .  B  ADDR  00E8H.2   A   
EI2C . . . . . . . . . .  B  ADDR  00E8H.0   A   
EKBI . . . . . . . . . .  B  ADDR  00E8H.1   A   
ES . . . . . . . . . . .  B  ADDR  00A8H.4   A   
ESR. . . . . . . . . . .  B  ADDR  00A8H.4   A   
ET0. . . . . . . . . . .  B  ADDR  00A8H.1   A   
ET1. . . . . . . . . . .  B  ADDR  00A8H.3   A   
EWDRT. . . . . . . . . .  B  ADDR  00A8H.6   A   
EX0. . . . . . . . . . .  B  ADDR  00A8H.0   A   
EX1. . . . . . . . . . .  B  ADDR  00A8H.2   A   
F0 . . . . . . . . . . .  B  ADDR  00D0H.5   A   
F1 . . . . . . . . . . .  B  ADDR  00D0H.1   A   
FE . . . . . . . . . . .  B  ADDR  0098H.7   A   
FMADRH . . . . . . . . .  D  ADDR  00E7H     A   
FMADRL . . . . . . . . .  D  ADDR  00E6H     A   
FMCON. . . . . . . . . .  D  ADDR  00E4H     A   
FMDATA . . . . . . . . .  D  ADDR  00E5H     A   
I2ADR. . . . . . . . . .  D  ADDR  00DBH     A   
I2CON. . . . . . . . . .  D  ADDR  00D8H     A   
I2DAT. . . . . . . . . .  D  ADDR  00DAH     A   
I2EN . . . . . . . . . .  B  ADDR  00D8H.6   A   
I2SCLH . . . . . . . . .  D  ADDR  00DDH     A   
I2SCLL . . . . . . . . .  D  ADDR  00DCH     A   
I2STAT . . . . . . . . .  D  ADDR  00D9H     A   
IAP. . . . . . . . . . .  -- ----  -------       
IAP_AUTHORIZATION_KEY. .  C  ADDR  0000H     R   SEG=IAP_CODE
IAP_CODE . . . . . . . .  C  SEG   00002EH       REL=UNIT, ALN=BYTE
IAP_RESET_BOOT_STATUS. .  C  ADDR  0008H     R   SEG=IAP_CODE
IAP_RESET_BOOT_VECTOR. .  C  ADDR  001BH     R   SEG=IAP_CODE
IAPKEY . . . . . . . . .  D  ADDR  00FFH     A   
IE0. . . . . . . . . . .  B  ADDR  0088H.1   A   
IE1. . . . . . . . . . .  B  ADDR  0088H.3   A   
IEN0 . . . . . . . . . .  D  ADDR  00A8H     A   
IEN1 . . . . . . . . . .  D  ADDR  00E8H     A   
INT0 . . . . . . . . . .  B  ADDR  0090H.3   A   
INT1 . . . . . . . . . .  B  ADDR  0090H.4   A   
IP0. . . . . . . . . . .  D  ADDR  00B8H     A   
IP0H . . . . . . . . . .  D  ADDR  00B7H     A   
IP1. . . . . . . . . . .  D  ADDR  00F8H     A   
IP1H . . . . . . . . . .  D  ADDR  00F7H     A   
IT0. . . . . . . . . . .  B  ADDR  0088H.0   A   
IT1. . . . . . . . . . .  B  ADDR  0088H.2   A   
KB0. . . . . . . . . . .  B  ADDR  0080H.0   A   
AX51 MACRO ASSEMBLER  IAP                                                                   11/16/07 01:49:01 PAGE     7

KB1. . . . . . . . . . .  B  ADDR  0080H.1   A   
KB2. . . . . . . . . . .  B  ADDR  0080H.2   A   
KB3. . . . . . . . . . .  B  ADDR  0080H.3   A   
KB4. . . . . . . . . . .  B  ADDR  0080H.4   A   
KB5. . . . . . . . . . .  B  ADDR  0080H.5   A   
KB6. . . . . . . . . . .  B  ADDR  0080H.6   A   
KB7. . . . . . . . . . .  B  ADDR  0080H.7   A   
KBCON. . . . . . . . . .  D  ADDR  0094H     A   
KBMASK . . . . . . . . .  D  ADDR  0086H     A   
KBPATN . . . . . . . . .  D  ADDR  0093H     A   
OV . . . . . . . . . . .  B  ADDR  00D0H.2   A   
P. . . . . . . . . . . .  B  ADDR  00D0H.0   A   
P0 . . . . . . . . . . .  D  ADDR  0080H     A   
P0M1 . . . . . . . . . .  D  ADDR  0084H     A   
P0M2 . . . . . . . . . .  D  ADDR  0085H     A   
P1 . . . . . . . . . . .  D  ADDR  0090H     A   
P1M1 . . . . . . . . . .  D  ADDR  0091H     A   
P1M2 . . . . . . . . . .  D  ADDR  0092H     A   
P3 . . . . . . . . . . .  D  ADDR  00B0H     A   
P3M1 . . . . . . . . . .  D  ADDR  00B1H     A   
P3M2 . . . . . . . . . .  D  ADDR  00B2H     A   
PBO. . . . . . . . . . .  B  ADDR  00B8H.5   A   
PC_. . . . . . . . . . .  B  ADDR  00F8H.2   A   
PCON . . . . . . . . . .  D  ADDR  0087H     A   
PCONA. . . . . . . . . .  D  ADDR  00B5H     A   
PGM_MTP. . . . . . . . .  N  NUMB  1F00H     A   
PI2C . . . . . . . . . .  B  ADDR  00F8H.0   A   
PKBI . . . . . . . . . .  B  ADDR  00F8H.1   A   
PS . . . . . . . . . . .  B  ADDR  00B8H.4   A   
PSR. . . . . . . . . . .  B  ADDR  00B8H.4   A   
PST. . . . . . . . . . .  B  ADDR  00F8H.6   A   
PSW. . . . . . . . . . .  D  ADDR  00D0H     A   
PT0. . . . . . . . . . .  B  ADDR  00B8H.1   A   
PT0AD. . . . . . . . . .  D  ADDR  00F6H     A   
PT1. . . . . . . . . . .  B  ADDR  00B8H.3   A   
PWDRT. . . . . . . . . .  B  ADDR  00B8H.6   A   
PX0. . . . . . . . . . .  B  ADDR  00B8H.0   A   
PX1. . . . . . . . . . .  B  ADDR  00B8H.2   A   
RB8. . . . . . . . . . .  B  ADDR  0098H.2   A   
REN. . . . . . . . . . .  B  ADDR  0098H.4   A   
RI . . . . . . . . . . .  B  ADDR  0098H.0   A   
RS0. . . . . . . . . . .  B  ADDR  00D0H.3   A   
RS1. . . . . . . . . . .  B  ADDR  00D0H.4   A   
RST. . . . . . . . . . .  B  ADDR  0090H.5   A   
RSTSRC . . . . . . . . .  D  ADDR  00DFH     A   
RTCCON . . . . . . . . .  D  ADDR  00D1H     A   
RTCH . . . . . . . . . .  D  ADDR  00D2H     A   
RTCL . . . . . . . . . .  D  ADDR  00D3H     A   
RXD. . . . . . . . . . .  B  ADDR  0090H.1   A   
SADDR. . . . . . . . . .  D  ADDR  00A9H     A   
SADEN. . . . . . . . . .  D  ADDR  00B9H     A   
SBUF . . . . . . . . . .  D  ADDR  0099H     A   
SCL. . . . . . . . . . .  B  ADDR  0090H.2   A   
SCON . . . . . . . . . .  D  ADDR  0098H     A   
SDA. . . . . . . . . . .  B  ADDR  0090H.3   A   
SI . . . . . . . . . . .  B  ADDR  00D8H.3   A   
SM0. . . . . . . . . . .  B  ADDR  0098H.7   A   
SM1. . . . . . . . . . .  B  ADDR  0098H.6   A   
SM2. . . . . . . . . . .  B  ADDR  0098H.5   A   
SP . . . . . . . . . . .  D  ADDR  0081H     A   
SSTAT. . . . . . . . . .  D  ADDR  00BAH     A   
STA. . . . . . . . . . .  B  ADDR  00D8H.5   A   
STO. . . . . . . . . . .  B  ADDR  00D8H.4   A   
T0 . . . . . . . . . . .  B  ADDR  0090H.2   A   
T1 . . . . . . . . . . .  B  ADDR  0080H.7   A   
TAMOD. . . . . . . . . .  D  ADDR  008FH     A   
AX51 MACRO ASSEMBLER  IAP                                                                   11/16/07 01:49:01 PAGE     8

TB8. . . . . . . . . . .  B  ADDR  0098H.3   A   
TCON . . . . . . . . . .  D  ADDR  0088H     A   
TF0. . . . . . . . . . .  B  ADDR  0088H.5   A   
TF1. . . . . . . . . . .  B  ADDR  0088H.7   A   
TH0. . . . . . . . . . .  D  ADDR  008CH     A   
TH1. . . . . . . . . . .  D  ADDR  008DH     A   
TI . . . . . . . . . . .  B  ADDR  0098H.1   A   
TL0. . . . . . . . . . .  D  ADDR  008AH     A   
TL1. . . . . . . . . . .  D  ADDR  008BH     A   
TMOD . . . . . . . . . .  D  ADDR  0089H     A   
TR0. . . . . . . . . . .  B  ADDR  0088H.4   A   
TR1. . . . . . . . . . .  B  ADDR  0088H.6   A   
TRIM . . . . . . . . . .  D  ADDR  0096H     A   
TXD. . . . . . . . . . .  B  ADDR  0090H.0   A   
WDCON. . . . . . . . . .  D  ADDR  00A7H     A   
WDL. . . . . . . . . . .  D  ADDR  00C1H     A   
WFEED1 . . . . . . . . .  D  ADDR  00C2H     A   
WFEED2 . . . . . . . . .  D  ADDR  00C3H     A   
XTAL1. . . . . . . . . .  B  ADDR  00B0H.1   A   
XTAL2. . . . . . . . . .  B  ADDR  00B0H.0   A   


REGISTER BANK(S) USED: 0 


ASSEMBLY COMPLETE.  0 WARNING(S), 0 ERROR(S).
