C51 COMPILER V8.05a   WATCHDOG                                                             11/16/2007 01:49:01 PAGE 1   


C51 COMPILER V8.05a, COMPILATION OF MODULE WATCHDOG
OBJECT MODULE PLACED IN .\obj\watchdog.obj
COMPILER INVOKED BY: H:\PrgJaz\Keil\C51\BIN\C51.EXE src\watchdog.c51 OMF2 BROWSE MODP2 INCDIR(.\src) DEBUG PRINT(.\lst\w
                    -atchdog.lst) OBJECT(.\obj\watchdog.obj)

line level    source

   1          /***********************************************************************
   2          MODULE:    Watchdog
   3          VERSION:   1.01
   4          CONTAINS:  Routines for controlling the Watchdog on the
   5                     P89LPC922
   6          COPYRIGHT: Embedded Systems Academy, Inc. - www.esacademy.com
   7          LICENSE:   May be freely used in commercial and non-commercial code
   8                     without royalties provided this copyright notice remains
   9                     in this file and unaltered
  10          WARNING:   IF THIS FILE IS REGENERATED BY CODE ARCHITECT ANY CHANGES
  11                     MADE WILL BE LOST. WHERE POSSIBLE USE ONLY CODE ARCHITECT
  12                     TO CHANGE THE CONTENTS OF THIS FILE
  13          GENERATED: On "Aug 17 2007" at "12:37:14" by Code Architect 2.11
  14          ***********************************************************************/
  15          
  16          // SFR description needs to be included
  17          #include <reg922.h>
  18          #include "watchdog.h"
  19          
  20          /***********************************************************************
  21          DESC:    Initializes the watchdog as a Watchdog Timer
  22                   Uses Watchdog clock at 400kHz as a clock source
  23                   Resets the device if not fed within 1.997 s
  24          RETURNS: Nothing
  25          ************************************************************************/
  26          void watchdog_init ( void )
  27          {
  28   1        bit eacopy;
  29   1      
  30   1        // init reload value and prescaler
  31   1        // select Watchdog clock at 400kHz
  32   1        // start watchdog
  33   1        WDL = 0xC2;
  34   1        eacopy = EA;
  35   1        EA = 0;
  36   1        WDCON = 0xE5;
  37   1        WFEED1 = 0xA5;
  38   1        WFEED2 = 0x5A;
  39   1        EA = eacopy;
  40   1      
  41   1      }
  42          
  43          /***********************************************************************
  44          DESC:    Feeds the Watchdog to stop the device from resetting
  45          RETURNS: Nothing
  46          CAUTION: watchdog_init must be called first
  47          ************************************************************************/
  48          void watchdog_feed ( void )
  49          {
  50   1        bit eacopy;
  51   1      
  52   1        // disable interrupts
  53   1        eacopy = EA;
  54   1        EA = 0;
C51 COMPILER V8.05a   WATCHDOG                                                             11/16/2007 01:49:01 PAGE 2   

  55   1        // feed the watchdog
  56   1        WFEED1 = 0xA5;
  57   1        WFEED2 = 0x5A;
  58   1        // restore interrupts
  59   1        EA = eacopy;
  60   1      }
  61          


MODULE INFORMATION:   STATIC OVERLAYABLE
   CODE SIZE        =     40    ----
   CONSTANT SIZE    =   ----    ----
   XDATA SIZE       =   ----    ----
   PDATA SIZE       =   ----    ----
   DATA SIZE        =   ----    ----
   IDATA SIZE       =   ----    ----
   BIT SIZE         =   ----       2
   EDATA SIZE       =   ----    ----
   HDATA SIZE       =   ----    ----
   XDATA CONST SIZE =   ----    ----
   FAR CONST SIZE   =   ----    ----
END OF MODULE INFORMATION.


C51 COMPILATION COMPLETE.  0 WARNING(S),  0 ERROR(S)
